[2024-01-30 08:37:16,698] multiqc                                            [DEBUG  ]  This is MultiQC v1.19
[2024-01-30 08:37:16,698] multiqc                                            [DEBUG  ]  Command used: /Users/luluisa/miniconda/envs/rnaseq/bin/multiqc -d .
[2024-01-30 08:37:16,964] multiqc                                            [DEBUG  ]  Latest MultiQC version is v1.19
[2024-01-30 08:37:16,964] multiqc                                            [DEBUG  ]  Working dir : /Users/luluisa/Desktop/course_dataset
[2024-01-30 08:37:16,964] multiqc                                            [DEBUG  ]  Template    : default
[2024-01-30 08:37:16,964] multiqc                                            [DEBUG  ]  Running Python 3.11.7 | packaged by conda-forge | (main, Dec 23 2023, 14:38:52) [Clang 16.0.6 ]
[2024-01-30 08:37:16,965] multiqc                                            [INFO   ]  Prepending directory to sample names
[2024-01-30 08:37:16,965] multiqc                                            [DEBUG  ]  Analysing modules: custom_content, ccs, ngsderive, purple, conpair, lima, peddy, somalier, methylQA, mosdepth, phantompeakqualtools, qualimap, preseq, hifiasm, quast, qorts, rna_seqc, rockhopper, rsem, rseqc, busco, bustools, goleft_indexcov, gffcompare, disambiguate, supernova, deeptools, sargasso, verifybamid, mirtrace, happy, mirtop, sambamba, gopeaks, homer, hops, macs2, theta2, snpeff, gatk, htseq, bcftools, featureCounts, fgbio, dragen, dragen_fastqc, dedup, pbmarkdup, damageprofiler, mapdamage, biobambam2, jcvi, mtnucratio, picard, vep, bakta, prokka, qc3C, nanostat, samblaster, samtools, sexdeterrmine, seqera_cli, eigenstratdatabasetools, bamtools, jellyfish, vcftools, longranger, stacks, varscan2, snippy, umitools, truvari, bbmap, bismark, biscuit, diamond, hicexplorer, hicup, hicpro, salmon, kallisto, slamdunk, star, hisat2, tophat, bowtie2, bowtie1, cellranger, snpsplit, odgi, pangolin, nextclade, freyja, humid, kat, leehom, librarian, adapterRemoval, bbduk, clipandmerge, cutadapt, flexbar, sourmash, kaiju, bracken, kraken, malt, motus, trimmomatic, sickle, skewer, sortmerna, biobloomtools, fastq_screen, afterqc, fastp, fastqc, filtlong, prinseqplusplus, pychopper, porechop, pycoqc, minionqc, anglerfish, multivcfanalyzer, clusterflow, checkqc, bcl2fastq, bclconvert, interop, ivar, flash, seqyclean, optitype, whatshap, xenome, xengsort
[2024-01-30 08:37:16,966] multiqc                                            [DEBUG  ]  Using temporary directory for creating report: /var/folders/4n/trvyftnn36d7jmskbkxg3blr0000gp/T/tmpr6lljuwz
[2024-01-30 08:37:16,967] multiqc                                            [INFO   ]  Search path : /Users/luluisa/Desktop/course_dataset
[2024-01-30 08:37:17,405] multiqc                                            [DEBUG  ]  Summary of files that were skipped by the search: [skipped_file_contents_search_errors: 979] // [skipped_module_specific_max_filesize: 487] // [skipped_no_match: 61] // [skipped_ignore_pattern: 14] // [skipped_filesize_limit: 1]
[2024-01-30 08:37:19,769] multiqc.plots.bargraph                             [DEBUG  ]  Using matplotlib version 3.8.2
[2024-01-30 08:37:19,770] multiqc.plots.linegraph                            [DEBUG  ]  Using matplotlib version 3.8.2
[2024-01-30 08:37:19,771] multiqc                                            [DEBUG  ]  No samples found: custom_content
[2024-01-30 08:37:19,775] multiqc.modules.kallisto.kallisto                  [INFO   ]  Found 11 reports
[2024-01-30 08:37:19,798] multiqc.modules.fastqc.fastqc                      [INFO   ]  Found 11 reports
[2024-01-30 08:37:19,830] multiqc.utils.software_versions                    [DEBUG  ]  Reading software versions from config.software_versions
[2024-01-30 08:37:19,841] multiqc                                            [DEBUG  ]  Compressing plot data
[2024-01-30 08:37:19,965] multiqc                                            [INFO   ]  Report      : multiqc_report.html
[2024-01-30 08:37:19,965] multiqc                                            [INFO   ]  Data        : multiqc_data
[2024-01-30 08:37:19,965] multiqc                                            [DEBUG  ]  Moving data file from '/var/folders/4n/trvyftnn36d7jmskbkxg3blr0000gp/T/tmpr6lljuwz/multiqc_data' to '/Users/luluisa/Desktop/course_dataset/multiqc_data'
[2024-01-30 08:37:19,971] multiqc                                            [DEBUG  ]  Full report path: /Users/luluisa/Desktop/course_dataset/multiqc_report.html
[2024-01-30 08:37:20,052] multiqc                                            [INFO   ]  MultiQC complete
